# JRE version: Java(TM) SE Runtime Environment (8.0_161-b12) (build 1.8.0_161-b12)
# Java VM: Java HotSpot(TM) 64-Bit Server VM (25.161-b12 mixed mode windows-amd64 compressed oops)
Heap:
 PSYoungGen      total 2591232K, used 1009093K [0x0000000615580000, 0x00000006b7580000, 0x00000007c0000000)
  eden space 2565120K, 39% used [0x0000000615580000,0x0000000652cc0e30,0x00000006b1e80000)
  from space 26112K, 8% used [0x00000006b5c00000,0x00000006b5e30870,0x00000006b7580000)
  to   space 44544K, 0% used [0x00000006b1e80000,0x00000006b1e80000,0x00000006b4a00000)
 ParOldGen       total 179200K, used 73887K [0x00000002c0000000, 0x00000002caf00000, 0x0000000615580000)
  object space 179200K, 41% used [0x00000002c0000000,0x00000002c4827ce0,0x00000002caf00000)
 Metaspace       used 56109K, capacity 56476K, committed 57048K, reserved 1097728K
  class space    used 7975K, capacity 8094K, committed 8192K, reserved 1048576K
GC Heap History (10 events):
Event: 33.678 GC heap before
{Heap before GC invocations=30 (full 2):
 PSYoungGen      total 2084864K, used 2069225K [0x0000000615580000, 0x00000006a4100000, 0x00000007c0000000)
  eden space 2041344K, 100% used [0x0000000615580000,0x0000000691f00000,0x0000000691f00000)
  from space 43520K, 64% used [0x0000000691f00000,0x0000000693a3a750,0x0000000694980000)
  to   space 43520K, 0% used [0x00000006a1680000,0x00000006a1680000,0x00000006a4100000)
 ParOldGen       total 179200K, used 47989K [0x00000002c0000000, 0x00000002caf00000, 0x0000000615580000)
  object space 179200K, 26% used [0x00000002c0000000,0x00000002c2edd4e0,0x00000002caf00000)
 Metaspace       used 55935K, capacity 56284K, committed 56792K, reserved 1097728K
  class space    used 7968K, capacity 8094K, committed 8192K, reserved 1048576K
Event: 33.684 GC heap after
Heap after GC invocations=30 (full 2):
 PSYoungGen      total 2278400K, used 6202K [0x0000000615580000, 0x00000006a3980000, 0x00000007c0000000)
  eden space 2242560K, 0% used [0x0000000615580000,0x0000000615580000,0x000000069e380000)
  from space 35840K, 17% used [0x00000006a1680000,0x00000006a1c8e8a0,0x00000006a3980000)
  to   space 44032K, 0% used [0x000000069e380000,0x000000069e380000,0x00000006a0e80000)
 ParOldGen       total 179200K, used 69746K [0x00000002c0000000, 0x00000002caf00000, 0x0000000615580000)
  object space 179200K, 38% used [0x00000002c0000000,0x00000002c441ca50,0x00000002caf00000)
 Metaspace       used 55935K, capacity 56284K, committed 56792K, reserved 1097728K
  class space    used 7968K, capacity 8094K, committed 8192K, reserved 1048576K
}
Event: 34.493 GC heap before
{Heap before GC invocations=31 (full 2):
 PSYoungGen      total 2278400K, used 2248762K [0x0000000615580000, 0x00000006a3980000, 0x00000007c0000000)
  eden space 2242560K, 100% used [0x0000000615580000,0x000000069e380000,0x000000069e380000)
  from space 35840K, 17% used [0x00000006a1680000,0x00000006a1c8e8a0,0x00000006a3980000)
  to   space 44032K, 0% used [0x000000069e380000,0x000000069e380000,0x00000006a0e80000)
 ParOldGen       total 179200K, used 69746K [0x00000002c0000000, 0x00000002caf00000, 0x0000000615580000)
  object space 179200K, 38% used [0x00000002c0000000,0x00000002c441ca50,0x00000002caf00000)
 Metaspace       used 56012K, capacity 56348K, committed 57048K, reserved 1097728K
  class space    used 7968K, capacity 8094K, committed 8192K, reserved 1048576K
Event: 34.496 GC heap after
Heap after GC invocations=31 (full 2):
 PSYoungGen      total 2286592K, used 6021K [0x0000000615580000, 0x00000006afa80000, 0x00000007c0000000)
  eden space 2242560K, 0% used [0x0000000615580000,0x0000000615580000,0x000000069e380000)
  from space 44032K, 13% used [0x000000069e380000,0x000000069e961450,0x00000006a0e80000)
  to   space 44544K, 0% used [0x00000006acf00000,0x00000006acf00000,0x00000006afa80000)
 ParOldGen       total 179200K, used 70010K [0x00000002c0000000, 0x00000002caf00000, 0x0000000615580000)
  object space 179200K, 39% used [0x00000002c0000000,0x00000002c445ea70,0x00000002caf00000)
 Metaspace       used 56012K, capacity 56348K, committed 57048K, reserved 1097728K
  class space    used 7968K, capacity 8094K, committed 8192K, reserved 1048576K
}
Event: 35.343 GC heap before
{Heap before GC invocations=32 (full 2):
 PSYoungGen      total 2286592K, used 2248581K [0x0000000615580000, 0x00000006afa80000, 0x00000007c0000000)
  eden space 2242560K, 100% used [0x0000000615580000,0x000000069e380000,0x000000069e380000)
  from space 44032K, 13% used [0x000000069e380000,0x000000069e961450,0x00000006a0e80000)
  to   space 44544K, 0% used [0x00000006acf00000,0x00000006acf00000,0x00000006afa80000)
 ParOldGen       total 179200K, used 70010K [0x00000002c0000000, 0x00000002caf00000, 0x0000000615580000)
  object space 179200K, 39% used [0x00000002c0000000,0x00000002c445ea70,0x00000002caf00000)
 Metaspace       used 56020K, capacity 56348K, committed 57048K, reserved 1097728K
  class space    used 7968K, capacity 8094K, committed 8192K, reserved 1048576K
Event: 35.346 GC heap after
Heap after GC invocations=32 (full 2):
 PSYoungGen      total 2439680K, used 5193K [0x0000000615580000, 0x00000006ae500000, 0x00000007c0000000)
  eden space 2417152K, 0% used [0x0000000615580000,0x0000000615580000,0x00000006a8e00000)
  from space 22528K, 23% used [0x00000006acf00000,0x00000006ad412450,0x00000006ae500000)
  to   space 44544K, 0% used [0x00000006a8e00000,0x00000006a8e00000,0x00000006ab980000)
 ParOldGen       total 179200K, used 70822K [0x00000002c0000000, 0x00000002caf00000, 0x0000000615580000)
  object space 179200K, 39% used [0x00000002c0000000,0x00000002c4529a90,0x00000002caf00000)
 Metaspace       used 56020K, capacity 56348K, committed 57048K, reserved 1097728K
  class space    used 7968K, capacity 8094K, committed 8192K, reserved 1048576K
}
Event: 36.240 GC heap before
{Heap before GC invocations=33 (full 2):
 PSYoungGen      total 2439680K, used 2422345K [0x0000000615580000, 0x00000006ae500000, 0x00000007c0000000)
  eden space 2417152K, 100% used [0x0000000615580000,0x00000006a8e00000,0x00000006a8e00000)
  from space 22528K, 23% used [0x00000006acf00000,0x00000006ad412450,0x00000006ae500000)
  to   space 44544K, 0% used [0x00000006a8e00000,0x00000006a8e00000,0x00000006ab980000)
 ParOldGen       total 179200K, used 70822K [0x00000002c0000000, 0x00000002caf00000, 0x0000000615580000)
  object space 179200K, 39% used [0x00000002c0000000,0x00000002c4529a90,0x00000002caf00000)
 Metaspace       used 56048K, capacity 56476K, committed 57048K, reserved 1097728K
  class space    used 7968K, capacity 8094K, committed 8192K, reserved 1048576K
Event: 36.243 GC heap after
Heap after GC invocations=33 (full 2):
 PSYoungGen      total 2461696K, used 2366K [0x0000000615580000, 0x00000006b8780000, 0x00000007c0000000)
  eden space 2417152K, 0% used [0x0000000615580000,0x0000000615580000,0x00000006a8e00000)
  from space 44544K, 5% used [0x00000006a8e00000,0x00000006a904fb30,0x00000006ab980000)
  to   space 44544K, 0% used [0x00000006b5c00000,0x00000006b5c00000,0x00000006b8780000)
 ParOldGen       total 179200K, used 73807K [0x00000002c0000000, 0x00000002caf00000, 0x0000000615580000)
  object space 179200K, 41% used [0x00000002c0000000,0x00000002c4813ce0,0x00000002caf00000)
 Metaspace       used 56048K, capacity 56476K, committed 57048K, reserved 1097728K
  class space    used 7968K, capacity 8094K, committed 8192K, reserved 1048576K
}
Event: 37.003 GC heap before
{Heap before GC invocations=34 (full 2):
 PSYoungGen      total 2461696K, used 2419518K [0x0000000615580000, 0x00000006b8780000, 0x00000007c0000000)
  eden space 2417152K, 100% used [0x0000000615580000,0x00000006a8e00000,0x00000006a8e00000)
  from space 44544K, 5% used [0x00000006a8e00000,0x00000006a904fb30,0x00000006ab980000)
  to   space 44544K, 0% used [0x00000006b5c00000,0x00000006b5c00000,0x00000006b8780000)
 ParOldGen       total 179200K, used 73807K [0x00000002c0000000, 0x00000002caf00000, 0x0000000615580000)
  object space 179200K, 41% used [0x00000002c0000000,0x00000002c4813ce0,0x00000002caf00000)
 Metaspace       used 56051K, capacity 56476K, committed 57048K, reserved 1097728K
  class space    used 7968K, capacity 8094K, committed 8192K, reserved 1048576K
Event: 37.006 GC heap after
Heap after GC invocations=34 (full 2):
 PSYoungGen      total 2591232K, used 2242K [0x0000000615580000, 0x00000006b7580000, 0x00000007c0000000)
  eden space 2565120K, 0% used [0x0000000615580000,0x0000000615580000,0x00000006b1e80000)
  from space 26112K, 8% used [0x00000006b5c00000,0x00000006b5e30870,0x00000006b7580000)
  to   space 44544K, 0% used [0x00000006b1e80000,0x00000006b1e80000,0x00000006b4a00000)
 ParOldGen       total 179200K, used 73887K [0x00000002c0000000, 0x00000002caf00000, 0x0000000615580000)
  object space 179200K, 41% used [0x00000002c0000000,0x00000002c4827ce0,0x00000002caf00000)
 Metaspace       used 56051K, capacity 56476K, committed 57048K, reserved 1097728K
  class space    used 7968K, capacity 8094K, committed 8192K, reserved 1048576K
}

