# JRE version: Java(TM) SE Runtime Environment (8.0_161-b12) (build 1.8.0_161-b12)
# Java VM: Java HotSpot(TM) 64-Bit Server VM (25.161-b12 mixed mode windows-amd64 compressed oops)
Heap:
 PSYoungGen      total 1963008K, used 762320K [0x0000000615580000, 0x0000000691180000, 0x00000007c0000000)
  eden space 1932288K, 39% used [0x0000000615580000,0x0000000643c47020,0x000000068b480000)
  from space 30720K, 5% used [0x000000068b480000,0x000000068b62d1b0,0x000000068d280000)
  to   space 29696K, 0% used [0x000000068f480000,0x000000068f480000,0x0000000691180000)
 ParOldGen       total 183808K, used 72528K [0x00000002c0000000, 0x00000002cb380000, 0x0000000615580000)
  object space 183808K, 39% used [0x00000002c0000000,0x00000002c46d4138,0x00000002cb380000)
 Metaspace       used 56741K, capacity 57122K, committed 57640K, reserved 1099776K
  class space    used 7979K, capacity 8137K, committed 8240K, reserved 1048576K
GC Heap History (10 events):
Event: 49.386 GC heap before
{Heap before GC invocations=33 (full 2):
 PSYoungGen      total 1860608K, used 1842150K [0x0000000615580000, 0x0000000689880000, 0x00000007c0000000)
  eden space 1839104K, 100% used [0x0000000615580000,0x0000000685980000,0x0000000685980000)
  from space 21504K, 14% used [0x0000000688380000,0x0000000688679aa0,0x0000000689880000)
  to   space 32256K, 0% used [0x0000000685980000,0x0000000685980000,0x0000000687900000)
 ParOldGen       total 183808K, used 72360K [0x00000002c0000000, 0x00000002cb380000, 0x0000000615580000)
  object space 183808K, 39% used [0x00000002c0000000,0x00000002c46aa138,0x00000002cb380000)
 Metaspace       used 56489K, capacity 56898K, committed 57256K, reserved 1097728K
  class space    used 7967K, capacity 8105K, committed 8112K, reserved 1048576K
Event: 49.388 GC heap after
Heap after GC invocations=33 (full 2):
 PSYoungGen      total 1871360K, used 1795K [0x0000000615580000, 0x000000068d480000, 0x00000007c0000000)
  eden space 1839104K, 0% used [0x0000000615580000,0x0000000615580000,0x0000000685980000)
  from space 32256K, 5% used [0x0000000685980000,0x0000000685b40ec0,0x0000000687900000)
  to   space 32256K, 0% used [0x000000068b500000,0x000000068b500000,0x000000068d480000)
 ParOldGen       total 183808K, used 72400K [0x00000002c0000000, 0x00000002cb380000, 0x0000000615580000)
  object space 183808K, 39% used [0x00000002c0000000,0x00000002c46b4138,0x00000002cb380000)
 Metaspace       used 56489K, capacity 56898K, committed 57256K, reserved 1097728K
  class space    used 7967K, capacity 8105K, committed 8112K, reserved 1048576K
}
Event: 51.648 GC heap before
{Heap before GC invocations=34 (full 2):
 PSYoungGen      total 1871360K, used 1840899K [0x0000000615580000, 0x000000068d480000, 0x00000007c0000000)
  eden space 1839104K, 100% used [0x0000000615580000,0x0000000685980000,0x0000000685980000)
  from space 32256K, 5% used [0x0000000685980000,0x0000000685b40ec0,0x0000000687900000)
  to   space 32256K, 0% used [0x000000068b500000,0x000000068b500000,0x000000068d480000)
 ParOldGen       total 183808K, used 72400K [0x00000002c0000000, 0x00000002cb380000, 0x0000000615580000)
  object space 183808K, 39% used [0x00000002c0000000,0x00000002c46b4138,0x00000002cb380000)
 Metaspace       used 56505K, capacity 56898K, committed 57256K, reserved 1097728K
  class space    used 7967K, capacity 8105K, committed 8112K, reserved 1048576K
Event: 51.651 GC heap after
Heap after GC invocations=34 (full 2):
 PSYoungGen      total 1917440K, used 2981K [0x0000000615580000, 0x000000068cc80000, 0x00000007c0000000)
  eden space 1893376K, 0% used [0x0000000615580000,0x0000000615580000,0x0000000688e80000)
  from space 24064K, 12% used [0x000000068b500000,0x000000068b7e97a0,0x000000068cc80000)
  to   space 31744K, 0% used [0x0000000688e80000,0x0000000688e80000,0x000000068ad80000)
 ParOldGen       total 183808K, used 72424K [0x00000002c0000000, 0x00000002cb380000, 0x0000000615580000)
  object space 183808K, 39% used [0x00000002c0000000,0x00000002c46ba138,0x00000002cb380000)
 Metaspace       used 56505K, capacity 56898K, committed 57256K, reserved 1097728K
  class space    used 7967K, capacity 8105K, committed 8112K, reserved 1048576K
}
Event: 53.962 GC heap before
{Heap before GC invocations=35 (full 2):
 PSYoungGen      total 1917440K, used 1896357K [0x0000000615580000, 0x000000068cc80000, 0x00000007c0000000)
  eden space 1893376K, 100% used [0x0000000615580000,0x0000000688e80000,0x0000000688e80000)
  from space 24064K, 12% used [0x000000068b500000,0x000000068b7e97a0,0x000000068cc80000)
  to   space 31744K, 0% used [0x0000000688e80000,0x0000000688e80000,0x000000068ad80000)
 ParOldGen       total 183808K, used 72424K [0x00000002c0000000, 0x00000002cb380000, 0x0000000615580000)
  object space 183808K, 39% used [0x00000002c0000000,0x00000002c46ba138,0x00000002cb380000)
 Metaspace       used 56528K, capacity 56962K, committed 57512K, reserved 1099776K
  class space    used 7967K, capacity 8105K, committed 8112K, reserved 1048576K
Event: 53.965 GC heap after
Heap after GC invocations=35 (full 2):
 PSYoungGen      total 1925120K, used 1762K [0x0000000615580000, 0x000000068f580000, 0x00000007c0000000)
  eden space 1893376K, 0% used [0x0000000615580000,0x0000000615580000,0x0000000688e80000)
  from space 31744K, 5% used [0x0000000688e80000,0x0000000689038be0,0x000000068ad80000)
  to   space 31232K, 0% used [0x000000068d700000,0x000000068d700000,0x000000068f580000)
 ParOldGen       total 183808K, used 72464K [0x00000002c0000000, 0x00000002cb380000, 0x0000000615580000)
  object space 183808K, 39% used [0x00000002c0000000,0x00000002c46c4138,0x00000002cb380000)
 Metaspace       used 56528K, capacity 56962K, committed 57512K, reserved 1099776K
  class space    used 7967K, capacity 8105K, committed 8112K, reserved 1048576K
}
Event: 56.294 GC heap before
{Heap before GC invocations=36 (full 2):
 PSYoungGen      total 1925120K, used 1895138K [0x0000000615580000, 0x000000068f580000, 0x00000007c0000000)
  eden space 1893376K, 100% used [0x0000000615580000,0x0000000688e80000,0x0000000688e80000)
  from space 31744K, 5% used [0x0000000688e80000,0x0000000689038be0,0x000000068ad80000)
  to   space 31232K, 0% used [0x000000068d700000,0x000000068d700000,0x000000068f580000)
 ParOldGen       total 183808K, used 72464K [0x00000002c0000000, 0x00000002cb380000, 0x0000000615580000)
  object space 183808K, 39% used [0x00000002c0000000,0x00000002c46c4138,0x00000002cb380000)
 Metaspace       used 56558K, capacity 56962K, committed 57512K, reserved 1099776K
  class space    used 7967K, capacity 8105K, committed 8112K, reserved 1048576K
Event: 56.296 GC heap after
Heap after GC invocations=36 (full 2):
 PSYoungGen      total 1958400K, used 1745K [0x0000000615580000, 0x000000068f080000, 0x00000007c0000000)
  eden space 1932288K, 0% used [0x0000000615580000,0x0000000615580000,0x000000068b480000)
  from space 26112K, 6% used [0x000000068d700000,0x000000068d8b45f0,0x000000068f080000)
  to   space 30720K, 0% used [0x000000068b480000,0x000000068b480000,0x000000068d280000)
 ParOldGen       total 183808K, used 72504K [0x00000002c0000000, 0x00000002cb380000, 0x0000000615580000)
  object space 183808K, 39% used [0x00000002c0000000,0x00000002c46ce138,0x00000002cb380000)
 Metaspace       used 56558K, capacity 56962K, committed 57512K, reserved 1099776K
  class space    used 7967K, capacity 8105K, committed 8112K, reserved 1048576K
}
Event: 58.680 GC heap before
{Heap before GC invocations=37 (full 2):
 PSYoungGen      total 1958400K, used 1934033K [0x0000000615580000, 0x000000068f080000, 0x00000007c0000000)
  eden space 1932288K, 100% used [0x0000000615580000,0x000000068b480000,0x000000068b480000)
  from space 26112K, 6% used [0x000000068d700000,0x000000068d8b45f0,0x000000068f080000)
  to   space 30720K, 0% used [0x000000068b480000,0x000000068b480000,0x000000068d280000)
 ParOldGen       total 183808K, used 72504K [0x00000002c0000000, 0x00000002cb380000, 0x0000000615580000)
  object space 183808K, 39% used [0x00000002c0000000,0x00000002c46ce138,0x00000002cb380000)
 Metaspace       used 56572K, capacity 56962K, committed 57512K, reserved 1099776K
  class space    used 7967K, capacity 8105K, committed 8112K, reserved 1048576K
Event: 58.683 GC heap after
Heap after GC invocations=37 (full 2):
 PSYoungGen      total 1963008K, used 1716K [0x0000000615580000, 0x0000000691180000, 0x00000007c0000000)
  eden space 1932288K, 0% used [0x0000000615580000,0x0000000615580000,0x000000068b480000)
  from space 30720K, 5% used [0x000000068b480000,0x000000068b62d1b0,0x000000068d280000)
  to   space 29696K, 0% used [0x000000068f480000,0x000000068f480000,0x0000000691180000)
 ParOldGen       total 183808K, used 72528K [0x00000002c0000000, 0x00000002cb380000, 0x0000000615580000)
  object space 183808K, 39% used [0x00000002c0000000,0x00000002c46d4138,0x00000002cb380000)
 Metaspace       used 56572K, capacity 56962K, committed 57512K, reserved 1099776K
  class space    used 7967K, capacity 8105K, committed 8112K, reserved 1048576K
}

