# JRE version: Java(TM) SE Runtime Environment (8.0_161-b12) (build 1.8.0_161-b12)
# Java VM: Java HotSpot(TM) 64-Bit Server VM (25.161-b12 mixed mode windows-amd64 compressed oops)
Heap:
 PSYoungGen      total 944128K, used 618376K [0x0000000615580000, 0x000000065a080000, 0x00000007c0000000)
  eden space 913408K, 65% used [0x0000000615580000,0x0000000639d41878,0x000000064d180000)
  from space 30720K, 67% used [0x000000064d180000,0x000000064e5a0808,0x000000064ef80000)
  to   space 31232K, 0% used [0x0000000658200000,0x0000000658200000,0x000000065a080000)
 ParOldGen       total 177664K, used 55281K [0x00000002c0000000, 0x00000002cad80000, 0x0000000615580000)
  object space 177664K, 31% used [0x00000002c0000000,0x00000002c35fc488,0x00000002cad80000)
 Metaspace       used 56152K, capacity 56558K, committed 57048K, reserved 1097728K
  class space    used 7977K, capacity 8137K, committed 8192K, reserved 1048576K
GC Heap History (10 events):
Event: 6.445 GC heap before
{Heap before GC invocations=13 (full 2):
 PSYoungGen      total 673792K, used 12269K [0x0000000615580000, 0x0000000647100000, 0x00000007c0000000)
  eden space 661504K, 0% used [0x0000000615580000,0x0000000615580000,0x000000063db80000)
  from space 12288K, 99% used [0x000000063db80000,0x000000063e77b6b8,0x000000063e780000)
  to   space 13824K, 0% used [0x0000000646380000,0x0000000646380000,0x0000000647100000)
 ParOldGen       total 109568K, used 11031K [0x00000002c0000000, 0x00000002c6b00000, 0x0000000615580000)
  object space 109568K, 10% used [0x00000002c0000000,0x00000002c0ac5c90,0x00000002c6b00000)
 Metaspace       used 34917K, capacity 35198K, committed 35416K, reserved 1079296K
  class space    used 5674K, capacity 5756K, committed 5760K, reserved 1048576K
Event: 6.501 GC heap after
Heap after GC invocations=13 (full 2):
 PSYoungGen      total 673792K, used 0K [0x0000000615580000, 0x0000000647100000, 0x00000007c0000000)
  eden space 661504K, 0% used [0x0000000615580000,0x0000000615580000,0x000000063db80000)
  from space 12288K, 0% used [0x000000063db80000,0x000000063db80000,0x000000063e780000)
  to   space 13824K, 0% used [0x0000000646380000,0x0000000646380000,0x0000000647100000)
 ParOldGen       total 177664K, used 21699K [0x00000002c0000000, 0x00000002cad80000, 0x0000000615580000)
  object space 177664K, 12% used [0x00000002c0000000,0x00000002c1530db0,0x00000002cad80000)
 Metaspace       used 34917K, capacity 35198K, committed 35416K, reserved 1079296K
  class space    used 5674K, capacity 5756K, committed 5760K, reserved 1048576K
}
Event: 23.165 GC heap before
{Heap before GC invocations=14 (full 2):
 PSYoungGen      total 673792K, used 661504K [0x0000000615580000, 0x0000000647100000, 0x00000007c0000000)
  eden space 661504K, 100% used [0x0000000615580000,0x000000063db80000,0x000000063db80000)
  from space 12288K, 0% used [0x000000063db80000,0x000000063db80000,0x000000063e780000)
  to   space 13824K, 0% used [0x0000000646380000,0x0000000646380000,0x0000000647100000)
 ParOldGen       total 177664K, used 21700K [0x00000002c0000000, 0x00000002cad80000, 0x0000000615580000)
  object space 177664K, 12% used [0x00000002c0000000,0x00000002c1531390,0x00000002cad80000)
 Metaspace       used 53663K, capacity 54044K, committed 54488K, reserved 1095680K
  class space    used 7795K, capacity 7902K, committed 7936K, reserved 1048576K
Event: 23.182 GC heap after
Heap after GC invocations=14 (full 2):
 PSYoungGen      total 786944K, used 13807K [0x0000000615580000, 0x0000000649880000, 0x00000007c0000000)
  eden space 773120K, 0% used [0x0000000615580000,0x0000000615580000,0x0000000644880000)
  from space 13824K, 99% used [0x0000000646380000,0x00000006470fbed0,0x0000000647100000)
  to   space 27648K, 0% used [0x0000000644880000,0x0000000644880000,0x0000000646380000)
 ParOldGen       total 177664K, used 55255K [0x00000002c0000000, 0x00000002cad80000, 0x0000000615580000)
  object space 177664K, 31% used [0x00000002c0000000,0x00000002c35f5eb0,0x00000002cad80000)
 Metaspace       used 53663K, capacity 54044K, committed 54488K, reserved 1095680K
  class space    used 7795K, capacity 7902K, committed 7936K, reserved 1048576K
}
Event: 24.605 GC heap before
{Heap before GC invocations=15 (full 2):
 PSYoungGen      total 786944K, used 786927K [0x0000000615580000, 0x0000000649880000, 0x00000007c0000000)
  eden space 773120K, 100% used [0x0000000615580000,0x0000000644880000,0x0000000644880000)
  from space 13824K, 99% used [0x0000000646380000,0x00000006470fbed0,0x0000000647100000)
  to   space 27648K, 0% used [0x0000000644880000,0x0000000644880000,0x0000000646380000)
 ParOldGen       total 177664K, used 55257K [0x00000002c0000000, 0x00000002cad80000, 0x0000000615580000)
  object space 177664K, 31% used [0x00000002c0000000,0x00000002c35f6488,0x00000002cad80000)
 Metaspace       used 55572K, capacity 55958K, committed 56536K, reserved 1097728K
  class space    used 7962K, capacity 8069K, committed 8192K, reserved 1048576K
Event: 24.615 GC heap after
Heap after GC invocations=15 (full 2):
 PSYoungGen      total 800768K, used 21103K [0x0000000615580000, 0x0000000651580000, 0x00000007c0000000)
  eden space 773120K, 0% used [0x0000000615580000,0x0000000615580000,0x0000000644880000)
  from space 27648K, 76% used [0x0000000644880000,0x0000000645d1bc88,0x0000000646380000)
  to   space 29184K, 0% used [0x000000064f900000,0x000000064f900000,0x0000000651580000)
 ParOldGen       total 177664K, used 55265K [0x00000002c0000000, 0x00000002cad80000, 0x0000000615580000)
  object space 177664K, 31% used [0x00000002c0000000,0x00000002c35f8488,0x00000002cad80000)
 Metaspace       used 55572K, capacity 55958K, committed 56536K, reserved 1097728K
  class space    used 7962K, capacity 8069K, committed 8192K, reserved 1048576K
}
Event: 26.180 GC heap before
{Heap before GC invocations=16 (full 2):
 PSYoungGen      total 800768K, used 794223K [0x0000000615580000, 0x0000000651580000, 0x00000007c0000000)
  eden space 773120K, 100% used [0x0000000615580000,0x0000000644880000,0x0000000644880000)
  from space 27648K, 76% used [0x0000000644880000,0x0000000645d1bc88,0x0000000646380000)
  to   space 29184K, 0% used [0x000000064f900000,0x000000064f900000,0x0000000651580000)
 ParOldGen       total 177664K, used 55265K [0x00000002c0000000, 0x00000002cad80000, 0x0000000615580000)
  object space 177664K, 31% used [0x00000002c0000000,0x00000002c35f8488,0x00000002cad80000)
 Metaspace       used 55786K, capacity 56194K, committed 56792K, reserved 1097728K
  class space    used 7964K, capacity 8103K, committed 8192K, reserved 1048576K
Event: 26.189 GC heap after
Heap after GC invocations=16 (full 2):
 PSYoungGen      total 933376K, used 20593K [0x0000000615580000, 0x0000000650d80000, 0x00000007c0000000)
  eden space 912384K, 0% used [0x0000000615580000,0x0000000615580000,0x000000064d080000)
  from space 20992K, 98% used [0x000000064f900000,0x0000000650d1c518,0x0000000650d80000)
  to   space 30720K, 0% used [0x000000064d180000,0x000000064d180000,0x000000064ef80000)
 ParOldGen       total 177664K, used 55273K [0x00000002c0000000, 0x00000002cad80000, 0x0000000615580000)
  object space 177664K, 31% used [0x00000002c0000000,0x00000002c35fa488,0x00000002cad80000)
 Metaspace       used 55786K, capacity 56194K, committed 56792K, reserved 1097728K
  class space    used 7964K, capacity 8103K, committed 8192K, reserved 1048576K
}
Event: 28.027 GC heap before
{Heap before GC invocations=17 (full 2):
 PSYoungGen      total 933376K, used 932977K [0x0000000615580000, 0x0000000650d80000, 0x00000007c0000000)
  eden space 912384K, 100% used [0x0000000615580000,0x000000064d080000,0x000000064d080000)
  from space 20992K, 98% used [0x000000064f900000,0x0000000650d1c518,0x0000000650d80000)
  to   space 30720K, 0% used [0x000000064d180000,0x000000064d180000,0x000000064ef80000)
 ParOldGen       total 177664K, used 55273K [0x00000002c0000000, 0x00000002cad80000, 0x0000000615580000)
  object space 177664K, 31% used [0x00000002c0000000,0x00000002c35fa488,0x00000002cad80000)
 Metaspace       used 55949K, capacity 56334K, committed 56792K, reserved 1097728K
  class space    used 7965K, capacity 8105K, committed 8192K, reserved 1048576K
Event: 28.036 GC heap after
Heap after GC invocations=17 (full 2):
 PSYoungGen      total 944128K, used 20610K [0x0000000615580000, 0x000000065a080000, 0x00000007c0000000)
  eden space 913408K, 0% used [0x0000000615580000,0x0000000615580000,0x000000064d180000)
  from space 30720K, 67% used [0x000000064d180000,0x000000064e5a0808,0x000000064ef80000)
  to   space 31232K, 0% used [0x0000000658200000,0x0000000658200000,0x000000065a080000)
 ParOldGen       total 177664K, used 55281K [0x00000002c0000000, 0x00000002cad80000, 0x0000000615580000)
  object space 177664K, 31% used [0x00000002c0000000,0x00000002c35fc488,0x00000002cad80000)
 Metaspace       used 55949K, capacity 56334K, committed 56792K, reserved 1097728K
  class space    used 7965K, capacity 8105K, committed 8192K, reserved 1048576K
}

