# JRE version: Java(TM) SE Runtime Environment (8.0_161-b12) (build 1.8.0_161-b12)
# Java VM: Java HotSpot(TM) 64-Bit Server VM (25.161-b12 mixed mode windows-amd64 compressed oops)
Heap:
 PSYoungGen      total 2122240K, used 2084869K [0x0000000615580000, 0x000000069c900000, 0x00000007c0000000)
  eden space 2091520K, 99% used [0x0000000615580000,0x00000006944ca4b8,0x0000000695000000)
  from space 30720K, 15% used [0x0000000695000000,0x00000006954b7058,0x0000000696e00000)
  to   space 30208K, 0% used [0x000000069ab80000,0x000000069ab80000,0x000000069c900000)
 ParOldGen       total 179712K, used 73999K [0x00000002c0000000, 0x00000002caf80000, 0x0000000615580000)
  object space 179712K, 41% used [0x00000002c0000000,0x00000002c4843dd0,0x00000002caf80000)
 Metaspace       used 56990K, capacity 57458K, committed 58072K, reserved 1099776K
  class space    used 7980K, capacity 8137K, committed 8192K, reserved 1048576K
GC Heap History (10 events):
Event: 48.492 GC heap before
{Heap before GC invocations=31 (full 2):
 PSYoungGen      total 1934336K, used 1922252K [0x0000000615580000, 0x000000068e280000, 0x00000007c0000000)
  eden space 1916928K, 100% used [0x0000000615580000,0x000000068a580000,0x000000068a580000)
  from space 17408K, 30% used [0x000000068d180000,0x000000068d6b3118,0x000000068e280000)
  to   space 31232K, 0% used [0x000000068a580000,0x000000068a580000,0x000000068c400000)
 ParOldGen       total 179712K, used 73737K [0x00000002c0000000, 0x00000002caf80000, 0x0000000615580000)
  object space 179712K, 41% used [0x00000002c0000000,0x00000002c48024c0,0x00000002caf80000)
 Metaspace       used 56695K, capacity 57106K, committed 57816K, reserved 1099776K
  class space    used 7966K, capacity 8105K, committed 8192K, reserved 1048576K
Event: 48.496 GC heap after
Heap after GC invocations=31 (full 2):
 PSYoungGen      total 1948160K, used 5088K [0x0000000615580000, 0x0000000694e00000, 0x00000007c0000000)
  eden space 1916928K, 0% used [0x0000000615580000,0x0000000615580000,0x000000068a580000)
  from space 31232K, 16% used [0x000000068a580000,0x000000068aa781b0,0x000000068c400000)
  to   space 31744K, 0% used [0x0000000692f00000,0x0000000692f00000,0x0000000694e00000)
 ParOldGen       total 179712K, used 73823K [0x00000002c0000000, 0x00000002caf80000, 0x0000000615580000)
  object space 179712K, 41% used [0x00000002c0000000,0x00000002c4817dd0,0x00000002caf80000)
 Metaspace       used 56695K, capacity 57106K, committed 57816K, reserved 1099776K
  class space    used 7966K, capacity 8105K, committed 8192K, reserved 1048576K
}
Event: 50.192 GC heap before
{Heap before GC invocations=32 (full 2):
 PSYoungGen      total 1948160K, used 1922016K [0x0000000615580000, 0x0000000694e00000, 0x00000007c0000000)
  eden space 1916928K, 100% used [0x0000000615580000,0x000000068a580000,0x000000068a580000)
  from space 31232K, 16% used [0x000000068a580000,0x000000068aa781b0,0x000000068c400000)
  to   space 31744K, 0% used [0x0000000692f00000,0x0000000692f00000,0x0000000694e00000)
 ParOldGen       total 179712K, used 73823K [0x00000002c0000000, 0x00000002caf80000, 0x0000000615580000)
  object space 179712K, 41% used [0x00000002c0000000,0x00000002c4817dd0,0x00000002caf80000)
 Metaspace       used 56748K, capacity 57170K, committed 57816K, reserved 1099776K
  class space    used 7967K, capacity 8105K, committed 8192K, reserved 1048576K
Event: 50.195 GC heap after
Heap after GC invocations=32 (full 2):
 PSYoungGen      total 2030080K, used 5407K [0x0000000615580000, 0x0000000694080000, 0x00000007c0000000)
  eden space 2012160K, 0% used [0x0000000615580000,0x0000000615580000,0x0000000690280000)
  from space 17920K, 30% used [0x0000000692f00000,0x0000000693447eb0,0x0000000694080000)
  to   space 31744K, 0% used [0x0000000690280000,0x0000000690280000,0x0000000692180000)
 ParOldGen       total 179712K, used 73855K [0x00000002c0000000, 0x00000002caf80000, 0x0000000615580000)
  object space 179712K, 41% used [0x00000002c0000000,0x00000002c481fdd0,0x00000002caf80000)
 Metaspace       used 56748K, capacity 57170K, committed 57816K, reserved 1099776K
  class space    used 7967K, capacity 8105K, committed 8192K, reserved 1048576K
}
Event: 52.032 GC heap before
{Heap before GC invocations=33 (full 2):
 PSYoungGen      total 2030080K, used 2017567K [0x0000000615580000, 0x0000000694080000, 0x00000007c0000000)
  eden space 2012160K, 100% used [0x0000000615580000,0x0000000690280000,0x0000000690280000)
  from space 17920K, 30% used [0x0000000692f00000,0x0000000693447eb0,0x0000000694080000)
  to   space 31744K, 0% used [0x0000000690280000,0x0000000690280000,0x0000000692180000)
 ParOldGen       total 179712K, used 73855K [0x00000002c0000000, 0x00000002caf80000, 0x0000000615580000)
  object space 179712K, 41% used [0x00000002c0000000,0x00000002c481fdd0,0x00000002caf80000)
 Metaspace       used 56782K, capacity 57170K, committed 57816K, reserved 1099776K
  class space    used 7967K, capacity 8105K, committed 8192K, reserved 1048576K
Event: 52.036 GC heap after
Heap after GC invocations=33 (full 2):
 PSYoungGen      total 2043904K, used 5882K [0x0000000615580000, 0x0000000699680000, 0x00000007c0000000)
  eden space 2012160K, 0% used [0x0000000615580000,0x0000000615580000,0x0000000690280000)
  from space 31744K, 18% used [0x0000000690280000,0x000000069083e970,0x0000000692180000)
  to   space 31232K, 0% used [0x0000000697800000,0x0000000697800000,0x0000000699680000)
 ParOldGen       total 179712K, used 73903K [0x00000002c0000000, 0x00000002caf80000, 0x0000000615580000)
  object space 179712K, 41% used [0x00000002c0000000,0x00000002c482bdd0,0x00000002caf80000)
 Metaspace       used 56782K, capacity 57170K, committed 57816K, reserved 1099776K
  class space    used 7967K, capacity 8105K, committed 8192K, reserved 1048576K
}
Event: 53.776 GC heap before
{Heap before GC invocations=34 (full 2):
 PSYoungGen      total 2043904K, used 2018042K [0x0000000615580000, 0x0000000699680000, 0x00000007c0000000)
  eden space 2012160K, 100% used [0x0000000615580000,0x0000000690280000,0x0000000690280000)
  from space 31744K, 18% used [0x0000000690280000,0x000000069083e970,0x0000000692180000)
  to   space 31232K, 0% used [0x0000000697800000,0x0000000697800000,0x0000000699680000)
 ParOldGen       total 179712K, used 73903K [0x00000002c0000000, 0x00000002caf80000, 0x0000000615580000)
  object space 179712K, 41% used [0x00000002c0000000,0x00000002c482bdd0,0x00000002caf80000)
 Metaspace       used 56792K, capacity 57170K, committed 57816K, reserved 1099776K
  class space    used 7967K, capacity 8105K, committed 8192K, reserved 1048576K
Event: 53.779 GC heap after
Heap after GC invocations=34 (full 2):
 PSYoungGen      total 2112000K, used 5262K [0x0000000615580000, 0x0000000698c00000, 0x00000007c0000000)
  eden space 2091520K, 0% used [0x0000000615580000,0x0000000615580000,0x0000000695000000)
  from space 20480K, 25% used [0x0000000697800000,0x0000000697d23940,0x0000000698c00000)
  to   space 30720K, 0% used [0x0000000695000000,0x0000000695000000,0x0000000696e00000)
 ParOldGen       total 179712K, used 73959K [0x00000002c0000000, 0x00000002caf80000, 0x0000000615580000)
  object space 179712K, 41% used [0x00000002c0000000,0x00000002c4839dd0,0x00000002caf80000)
 Metaspace       used 56792K, capacity 57170K, committed 57816K, reserved 1099776K
  class space    used 7967K, capacity 8105K, committed 8192K, reserved 1048576K
}
Event: 55.692 GC heap before
{Heap before GC invocations=35 (full 2):
 PSYoungGen      total 2112000K, used 2096782K [0x0000000615580000, 0x0000000698c00000, 0x00000007c0000000)
  eden space 2091520K, 100% used [0x0000000615580000,0x0000000695000000,0x0000000695000000)
  from space 20480K, 25% used [0x0000000697800000,0x0000000697d23940,0x0000000698c00000)
  to   space 30720K, 0% used [0x0000000695000000,0x0000000695000000,0x0000000696e00000)
 ParOldGen       total 179712K, used 73959K [0x00000002c0000000, 0x00000002caf80000, 0x0000000615580000)
  object space 179712K, 41% used [0x00000002c0000000,0x00000002c4839dd0,0x00000002caf80000)
 Metaspace       used 56802K, capacity 57170K, committed 57816K, reserved 1099776K
  class space    used 7967K, capacity 8105K, committed 8192K, reserved 1048576K
Event: 55.696 GC heap after
Heap after GC invocations=35 (full 2):
 PSYoungGen      total 2122240K, used 4828K [0x0000000615580000, 0x000000069c900000, 0x00000007c0000000)
  eden space 2091520K, 0% used [0x0000000615580000,0x0000000615580000,0x0000000695000000)
  from space 30720K, 15% used [0x0000000695000000,0x00000006954b7058,0x0000000696e00000)
  to   space 30208K, 0% used [0x000000069ab80000,0x000000069ab80000,0x000000069c900000)
 ParOldGen       total 179712K, used 73999K [0x00000002c0000000, 0x00000002caf80000, 0x0000000615580000)
  object space 179712K, 41% used [0x00000002c0000000,0x00000002c4843dd0,0x00000002caf80000)
 Metaspace       used 56802K, capacity 57170K, committed 57816K, reserved 1099776K
  class space    used 7967K, capacity 8105K, committed 8192K, reserved 1048576K
}

