# JRE version: Java(TM) SE Runtime Environment (8.0_161-b12) (build 1.8.0_161-b12)
# Java VM: Java HotSpot(TM) 64-Bit Server VM (25.161-b12 mixed mode windows-amd64 compressed oops)
Heap:
 PSYoungGen      total 625152K, used 5830K [0x0000000615580000, 0x000000067b580000, 0x00000007c0000000)
  eden space 623616K, 0% used [0x0000000615580000,0x0000000615b319a8,0x000000063b680000)
  from space 1536K, 0% used [0x000000067b400000,0x000000067b400000,0x000000067b580000)
  to   space 3584K, 0% used [0x000000067ae80000,0x000000067ae80000,0x000000067b200000)
 ParOldGen       total 258560K, used 49191K [0x00000002c0000000, 0x00000002cfc80000, 0x0000000615580000)
  object space 258560K, 19% used [0x00000002c0000000,0x00000002c3009fc0,0x00000002cfc80000)
 Metaspace       used 57326K, capacity 57696K, committed 58328K, reserved 1099776K
  class space    used 8007K, capacity 8148K, committed 8192K, reserved 1048576K
GC Heap History (10 events):
Event: 178586.872 GC heap before
{Heap before GC invocations=169 (full 2):
 PSYoungGen      total 740352K, used 739981K [0x0000000615580000, 0x000000067bb80000, 0x00000007c0000000)
  eden space 737792K, 100% used [0x0000000615580000,0x0000000642600000,0x0000000642600000)
  from space 2560K, 85% used [0x000000067b900000,0x000000067bb23798,0x000000067bb80000)
  to   space 4096K, 0% used [0x000000067b380000,0x000000067b380000,0x000000067b780000)
 ParOldGen       total 165376K, used 121332K [0x00000002c0000000, 0x00000002ca180000, 0x0000000615580000)
  object space 165376K, 73% used [0x00000002c0000000,0x00000002c767d0a8,0x00000002ca180000)
 Metaspace       used 57383K, capacity 57810K, committed 58328K, reserved 1099776K
  class space    used 8019K, capacity 8171K, committed 8192K, reserved 1048576K
Event: 178586.875 GC heap after
Heap after GC invocations=169 (full 2):
 PSYoungGen      total 709632K, used 2210K [0x0000000615580000, 0x000000067b980000, 0x00000007c0000000)
  eden space 707072K, 0% used [0x0000000615580000,0x0000000615580000,0x0000000640800000)
  from space 2560K, 86% used [0x000000067b380000,0x000000067b5a8b60,0x000000067b600000)
  to   space 3584K, 0% used [0x000000067b600000,0x000000067b600000,0x000000067b980000)
 ParOldGen       total 165376K, used 121332K [0x00000002c0000000, 0x00000002ca180000, 0x0000000615580000)
  object space 165376K, 73% used [0x00000002c0000000,0x00000002c767d0a8,0x00000002ca180000)
 Metaspace       used 57383K, capacity 57810K, committed 58328K, reserved 1099776K
  class space    used 8019K, capacity 8171K, committed 8192K, reserved 1048576K
}
Event: 178587.073 GC heap before
{Heap before GC invocations=170 (full 2):
 PSYoungGen      total 709632K, used 709282K [0x0000000615580000, 0x000000067b980000, 0x00000007c0000000)
  eden space 707072K, 100% used [0x0000000615580000,0x0000000640800000,0x0000000640800000)
  from space 2560K, 86% used [0x000000067b380000,0x000000067b5a8b60,0x000000067b600000)
  to   space 3584K, 0% used [0x000000067b600000,0x000000067b600000,0x000000067b980000)
 ParOldGen       total 165376K, used 121332K [0x00000002c0000000, 0x00000002ca180000, 0x0000000615580000)
  object space 165376K, 73% used [0x00000002c0000000,0x00000002c767d0a8,0x00000002ca180000)
 Metaspace       used 57383K, capacity 57810K, committed 58328K, reserved 1099776K
  class space    used 8019K, capacity 8171K, committed 8192K, reserved 1048576K
Event: 178587.076 GC heap after
Heap after GC invocations=170 (full 2):
 PSYoungGen      total 680448K, used 2239K [0x0000000615580000, 0x000000067b880000, 0x00000007c0000000)
  eden space 677888K, 0% used [0x0000000615580000,0x0000000615580000,0x000000063eb80000)
  from space 2560K, 87% used [0x000000067b600000,0x000000067b82fcc8,0x000000067b880000)
  to   space 3584K, 0% used [0x000000067b180000,0x000000067b180000,0x000000067b500000)
 ParOldGen       total 165376K, used 121340K [0x00000002c0000000, 0x00000002ca180000, 0x0000000615580000)
  object space 165376K, 73% used [0x00000002c0000000,0x00000002c767f0a8,0x00000002ca180000)
 Metaspace       used 57383K, capacity 57810K, committed 58328K, reserved 1099776K
  class space    used 8019K, capacity 8171K, committed 8192K, reserved 1048576K
}
Event: 178587.280 GC heap before
{Heap before GC invocations=171 (full 2):
 PSYoungGen      total 680448K, used 680127K [0x0000000615580000, 0x000000067b880000, 0x00000007c0000000)
  eden space 677888K, 100% used [0x0000000615580000,0x000000063eb80000,0x000000063eb80000)
  from space 2560K, 87% used [0x000000067b600000,0x000000067b82fcc8,0x000000067b880000)
  to   space 3584K, 0% used [0x000000067b180000,0x000000067b180000,0x000000067b500000)
 ParOldGen       total 165376K, used 121340K [0x00000002c0000000, 0x00000002ca180000, 0x0000000615580000)
  object space 165376K, 73% used [0x00000002c0000000,0x00000002c767f0a8,0x00000002ca180000)
 Metaspace       used 57383K, capacity 57810K, committed 58328K, reserved 1099776K
  class space    used 8019K, capacity 8171K, committed 8192K, reserved 1048576K
Event: 178587.282 GC heap after
Heap after GC invocations=171 (full 2):
 PSYoungGen      total 652800K, used 2317K [0x0000000615580000, 0x000000067b680000, 0x00000007c0000000)
  eden space 650240K, 0% used [0x0000000615580000,0x0000000615580000,0x000000063d080000)
  from space 2560K, 90% used [0x000000067b180000,0x000000067b3c35a8,0x000000067b400000)
  to   space 2560K, 0% used [0x000000067b400000,0x000000067b400000,0x000000067b680000)
 ParOldGen       total 165376K, used 121372K [0x00000002c0000000, 0x00000002ca180000, 0x0000000615580000)
  object space 165376K, 73% used [0x00000002c0000000,0x00000002c76870a8,0x00000002ca180000)
 Metaspace       used 57383K, capacity 57810K, committed 58328K, reserved 1099776K
  class space    used 8019K, capacity 8171K, committed 8192K, reserved 1048576K
}
Event: 512774.135 GC heap before
{Heap before GC invocations=172 (full 2):
 PSYoungGen      total 652800K, used 652557K [0x0000000615580000, 0x000000067b680000, 0x00000007c0000000)
  eden space 650240K, 100% used [0x0000000615580000,0x000000063d080000,0x000000063d080000)
  from space 2560K, 90% used [0x000000067b180000,0x000000067b3c35a8,0x000000067b400000)
  to   space 2560K, 0% used [0x000000067b400000,0x000000067b400000,0x000000067b680000)
 ParOldGen       total 165376K, used 121372K [0x00000002c0000000, 0x00000002ca180000, 0x0000000615580000)
  object space 165376K, 73% used [0x00000002c0000000,0x00000002c76870a8,0x00000002ca180000)
 Metaspace       used 57397K, capacity 57810K, committed 58328K, reserved 1099776K
  class space    used 8019K, capacity 8171K, committed 8192K, reserved 1048576K
Event: 512774.159 GC heap after
Heap after GC invocations=172 (full 2):
 PSYoungGen      total 625152K, used 1501K [0x0000000615580000, 0x000000067b580000, 0x00000007c0000000)
  eden space 623616K, 0% used [0x0000000615580000,0x0000000615580000,0x000000063b680000)
  from space 1536K, 97% used [0x000000067b400000,0x000000067b577768,0x000000067b580000)
  to   space 3584K, 0% used [0x000000067ae80000,0x000000067ae80000,0x000000067b200000)
 ParOldGen       total 165376K, used 165096K [0x00000002c0000000, 0x00000002ca180000, 0x0000000615580000)
  object space 165376K, 99% used [0x00000002c0000000,0x00000002ca13a0b8,0x00000002ca180000)
 Metaspace       used 57397K, capacity 57810K, committed 58328K, reserved 1099776K
  class space    used 8019K, capacity 8171K, committed 8192K, reserved 1048576K
}
Event: 512774.160 GC heap before
{Heap before GC invocations=173 (full 3):
 PSYoungGen      total 625152K, used 1501K [0x0000000615580000, 0x000000067b580000, 0x00000007c0000000)
  eden space 623616K, 0% used [0x0000000615580000,0x0000000615580000,0x000000063b680000)
  from space 1536K, 97% used [0x000000067b400000,0x000000067b577768,0x000000067b580000)
  to   space 3584K, 0% used [0x000000067ae80000,0x000000067ae80000,0x000000067b200000)
 ParOldGen       total 165376K, used 165096K [0x00000002c0000000, 0x00000002ca180000, 0x0000000615580000)
  object space 165376K, 99% used [0x00000002c0000000,0x00000002ca13a0b8,0x00000002ca180000)
 Metaspace       used 57397K, capacity 57810K, committed 58328K, reserved 1099776K
  class space    used 8019K, capacity 8171K, committed 8192K, reserved 1048576K
Event: 512774.502 GC heap after
Heap after GC invocations=173 (full 3):
 PSYoungGen      total 625152K, used 0K [0x0000000615580000, 0x000000067b580000, 0x00000007c0000000)
  eden space 623616K, 0% used [0x0000000615580000,0x0000000615580000,0x000000063b680000)
  from space 1536K, 0% used [0x000000067b400000,0x000000067b400000,0x000000067b580000)
  to   space 3584K, 0% used [0x000000067ae80000,0x000000067ae80000,0x000000067b200000)
 ParOldGen       total 258560K, used 49191K [0x00000002c0000000, 0x00000002cfc80000, 0x0000000615580000)
  object space 258560K, 19% used [0x00000002c0000000,0x00000002c3009fc0,0x00000002cfc80000)
 Metaspace       used 57324K, capacity 57696K, committed 58328K, reserved 1099776K
  class space    used 8006K, capacity 8148K, committed 8192K, reserved 1048576K
}

