# JRE version: Java(TM) SE Runtime Environment (8.0_161-b12) (build 1.8.0_161-b12)
# Java VM: Java HotSpot(TM) 64-Bit Server VM (25.161-b12 mixed mode windows-amd64 compressed oops)
Heap:
 PSYoungGen      total 2087424K, used 1262096K [0x0000000615580000, 0x0000000695d00000, 0x00000007c0000000)
  eden space 2078208K, 60% used [0x0000000615580000,0x000000066212d528,0x0000000694300000)
  from space 9216K, 53% used [0x0000000695400000,0x00000006958d6dd8,0x0000000695d00000)
  to   space 13312K, 0% used [0x0000000694300000,0x0000000694300000,0x0000000695000000)
 ParOldGen       total 166912K, used 75356K [0x00000002c0000000, 0x00000002ca300000, 0x0000000615580000)
  object space 166912K, 45% used [0x00000002c0000000,0x00000002c4997280,0x00000002ca300000)
 Metaspace       used 57168K, capacity 57618K, committed 58072K, reserved 1099776K
  class space    used 8008K, capacity 8169K, committed 8192K, reserved 1048576K
GC Heap History (10 events):
Event: 67.150 GC heap before
{Heap before GC invocations=34 (full 2):
 PSYoungGen      total 1897472K, used 1885350K [0x0000000615580000, 0x000000068f780000, 0x00000007c0000000)
  eden space 1881600K, 100% used [0x0000000615580000,0x0000000688300000,0x0000000688300000)
  from space 15872K, 23% used [0x0000000688300000,0x00000006886a9840,0x0000000689280000)
  to   space 15872K, 0% used [0x000000068e800000,0x000000068e800000,0x000000068f780000)
 ParOldGen       total 166912K, used 75180K [0x00000002c0000000, 0x00000002ca300000, 0x0000000615580000)
  object space 166912K, 45% used [0x00000002c0000000,0x00000002c496b280,0x00000002ca300000)
 Metaspace       used 56923K, capacity 57298K, committed 57816K, reserved 1099776K
  class space    used 7996K, capacity 8105K, committed 8192K, reserved 1048576K
Event: 67.153 GC heap after
Heap after GC invocations=34 (full 2):
 PSYoungGen      total 1969664K, used 3957K [0x0000000615580000, 0x000000068ef80000, 0x00000007c0000000)
  eden space 1961984K, 0% used [0x0000000615580000,0x0000000615580000,0x000000068d180000)
  from space 7680K, 51% used [0x000000068e800000,0x000000068ebdd448,0x000000068ef80000)
  to   space 15360K, 0% used [0x000000068d180000,0x000000068d180000,0x000000068e080000)
 ParOldGen       total 166912K, used 75228K [0x00000002c0000000, 0x00000002ca300000, 0x0000000615580000)
  object space 166912K, 45% used [0x00000002c0000000,0x00000002c4977280,0x00000002ca300000)
 Metaspace       used 56923K, capacity 57298K, committed 57816K, reserved 1099776K
  class space    used 7996K, capacity 8105K, committed 8192K, reserved 1048576K
}
Event: 68.625 GC heap before
{Heap before GC invocations=35 (full 2):
 PSYoungGen      total 1969664K, used 1965941K [0x0000000615580000, 0x000000068ef80000, 0x00000007c0000000)
  eden space 1961984K, 100% used [0x0000000615580000,0x000000068d180000,0x000000068d180000)
  from space 7680K, 51% used [0x000000068e800000,0x000000068ebdd448,0x000000068ef80000)
  to   space 15360K, 0% used [0x000000068d180000,0x000000068d180000,0x000000068e080000)
 ParOldGen       total 166912K, used 75228K [0x00000002c0000000, 0x00000002ca300000, 0x0000000615580000)
  object space 166912K, 45% used [0x00000002c0000000,0x00000002c4977280,0x00000002ca300000)
 Metaspace       used 56973K, capacity 57362K, committed 57816K, reserved 1099776K
  class space    used 7996K, capacity 8105K, committed 8192K, reserved 1048576K
Event: 68.628 GC heap after
Heap after GC invocations=35 (full 2):
 PSYoungGen      total 1977344K, used 3847K [0x0000000615580000, 0x0000000692d80000, 0x00000007c0000000)
  eden space 1961984K, 0% used [0x0000000615580000,0x0000000615580000,0x000000068d180000)
  from space 15360K, 25% used [0x000000068d180000,0x000000068d541f08,0x000000068e080000)
  to   space 14848K, 0% used [0x0000000691f00000,0x0000000691f00000,0x0000000692d80000)
 ParOldGen       total 166912K, used 75260K [0x00000002c0000000, 0x00000002ca300000, 0x0000000615580000)
  object space 166912K, 45% used [0x00000002c0000000,0x00000002c497f280,0x00000002ca300000)
 Metaspace       used 56973K, capacity 57362K, committed 57816K, reserved 1099776K
  class space    used 7996K, capacity 8105K, committed 8192K, reserved 1048576K
}
Event: 70.184 GC heap before
{Heap before GC invocations=36 (full 2):
 PSYoungGen      total 1977344K, used 1965831K [0x0000000615580000, 0x0000000692d80000, 0x00000007c0000000)
  eden space 1961984K, 100% used [0x0000000615580000,0x000000068d180000,0x000000068d180000)
  from space 15360K, 25% used [0x000000068d180000,0x000000068d541f08,0x000000068e080000)
  to   space 14848K, 0% used [0x0000000691f00000,0x0000000691f00000,0x0000000692d80000)
 ParOldGen       total 166912K, used 75260K [0x00000002c0000000, 0x00000002ca300000, 0x0000000615580000)
  object space 166912K, 45% used [0x00000002c0000000,0x00000002c497f280,0x00000002ca300000)
 Metaspace       used 56983K, capacity 57362K, committed 57816K, reserved 1099776K
  class space    used 7996K, capacity 8105K, committed 8192K, reserved 1048576K
Event: 70.187 GC heap after
Heap after GC invocations=36 (full 2):
 PSYoungGen      total 2032128K, used 3812K [0x0000000615580000, 0x0000000692880000, 0x00000007c0000000)
  eden space 2022400K, 0% used [0x0000000615580000,0x0000000615580000,0x0000000690c80000)
  from space 9728K, 39% used [0x0000000691f00000,0x00000006922b91f8,0x0000000692880000)
  to   space 14336K, 0% used [0x0000000690c80000,0x0000000690c80000,0x0000000691a80000)
 ParOldGen       total 166912K, used 75292K [0x00000002c0000000, 0x00000002ca300000, 0x0000000615580000)
  object space 166912K, 45% used [0x00000002c0000000,0x00000002c4987280,0x00000002ca300000)
 Metaspace       used 56983K, capacity 57362K, committed 57816K, reserved 1099776K
  class space    used 7996K, capacity 8105K, committed 8192K, reserved 1048576K
}
Event: 71.626 GC heap before
{Heap before GC invocations=37 (full 2):
 PSYoungGen      total 2032128K, used 2026212K [0x0000000615580000, 0x0000000692880000, 0x00000007c0000000)
  eden space 2022400K, 100% used [0x0000000615580000,0x0000000690c80000,0x0000000690c80000)
  from space 9728K, 39% used [0x0000000691f00000,0x00000006922b91f8,0x0000000692880000)
  to   space 14336K, 0% used [0x0000000690c80000,0x0000000690c80000,0x0000000691a80000)
 ParOldGen       total 166912K, used 75292K [0x00000002c0000000, 0x00000002ca300000, 0x0000000615580000)
  object space 166912K, 45% used [0x00000002c0000000,0x00000002c4987280,0x00000002ca300000)
 Metaspace       used 56985K, capacity 57362K, committed 57816K, reserved 1099776K
  class space    used 7996K, capacity 8105K, committed 8192K, reserved 1048576K
Event: 71.629 GC heap after
Heap after GC invocations=37 (full 2):
 PSYoungGen      total 2036736K, used 3714K [0x0000000615580000, 0x0000000696180000, 0x00000007c0000000)
  eden space 2022400K, 0% used [0x0000000615580000,0x0000000615580000,0x0000000690c80000)
  from space 14336K, 25% used [0x0000000690c80000,0x0000000691020880,0x0000000691a80000)
  to   space 13824K, 0% used [0x0000000695400000,0x0000000695400000,0x0000000696180000)
 ParOldGen       total 166912K, used 75324K [0x00000002c0000000, 0x00000002ca300000, 0x0000000615580000)
  object space 166912K, 45% used [0x00000002c0000000,0x00000002c498f280,0x00000002ca300000)
 Metaspace       used 56985K, capacity 57362K, committed 57816K, reserved 1099776K
  class space    used 7996K, capacity 8105K, committed 8192K, reserved 1048576K
}
Event: 73.136 GC heap before
{Heap before GC invocations=38 (full 2):
 PSYoungGen      total 2036736K, used 2026114K [0x0000000615580000, 0x0000000696180000, 0x00000007c0000000)
  eden space 2022400K, 100% used [0x0000000615580000,0x0000000690c80000,0x0000000690c80000)
  from space 14336K, 25% used [0x0000000690c80000,0x0000000691020880,0x0000000691a80000)
  to   space 13824K, 0% used [0x0000000695400000,0x0000000695400000,0x0000000696180000)
 ParOldGen       total 166912K, used 75324K [0x00000002c0000000, 0x00000002ca300000, 0x0000000615580000)
  object space 166912K, 45% used [0x00000002c0000000,0x00000002c498f280,0x00000002ca300000)
 Metaspace       used 57001K, capacity 57426K, committed 58072K, reserved 1099776K
  class space    used 7996K, capacity 8105K, committed 8192K, reserved 1048576K
Event: 73.138 GC heap after
Heap after GC invocations=38 (full 2):
 PSYoungGen      total 2087424K, used 4955K [0x0000000615580000, 0x0000000695d00000, 0x00000007c0000000)
  eden space 2078208K, 0% used [0x0000000615580000,0x0000000615580000,0x0000000694300000)
  from space 9216K, 53% used [0x0000000695400000,0x00000006958d6dd8,0x0000000695d00000)
  to   space 13312K, 0% used [0x0000000694300000,0x0000000694300000,0x0000000695000000)
 ParOldGen       total 166912K, used 75356K [0x00000002c0000000, 0x00000002ca300000, 0x0000000615580000)
  object space 166912K, 45% used [0x00000002c0000000,0x00000002c4997280,0x00000002ca300000)
 Metaspace       used 57001K, capacity 57426K, committed 58072K, reserved 1099776K
  class space    used 7996K, capacity 8105K, committed 8192K, reserved 1048576K
}

